-------------------------------------------------------------------------------
Test set: Controle.CadLivTest
-------------------------------------------------------------------------------
Tests run: 1, Failures: 1, Errors: 0, Skipped: 0, Time elapsed: 0.633 s <<< FAILURE! - in Controle.CadLivTest
testNovoRegistro  Time elapsed: 0.627 s  <<< FAILURE!
org.opentest4j.AssertionFailedError: expected: <> but was: <___-__________>
	at Controle.CadLivTest.testNovoRegistro(CadLivTest.java:23)

