<?xml version="1.0" encoding="UTF-8"?>
<testsuite xmlns:xsi="http://www.w3.org/2001/XMLSchema-instance" xsi:noNamespaceSchemaLocation="https://maven.apache.org/surefire/maven-surefire-plugin/xsd/surefire-test-report.xsd" name="Controle.CadCliTest" time="1.828" tests="1" errors="0" skipped="0" failures="1">
  <properties>
[...]
</properties>
  <testcase name="testUpdateClient" classname="Controle.CadCliTest" time="1.823">
    <failure message="O cliente deve estar presente no banco de dados ==&gt; expected: &lt;true&gt; but was: &lt;false&gt;" type="org.opentest4j.AssertionFailedError"><![CDATA[org.opentest4j.AssertionFailedError: O cliente deve estar presente no banco de dados ==> expected: <true> but was: <false>
	at Controle.CadCliTest.testUpdateClient(CadCliTest.java:58)
]]></failure>
  </testcase>
</testsuite>